{"/Users/andelarwanda/my-Brand/learn-express/index.js": {"path":"/Users/andelarwanda/my-Brand/learn-express/index.js","statementMap":{"0":{"start":{"line":11,"column":12},"end":{"line":11,"column":26}},"1":{"start":{"line":12,"column":0},"end":{"line":15,"column":2}},"2":{"start":{"line":16,"column":4},"end":{"line":16,"column":20}}},"fnMap":{},"branchMap":{},"s":{"0":1,"1":1,"2":1},"f":{},"b":{},"_coverageSchema":"1a1c01bbd47fc00a2c39e90264f33305004495a9","hash":"0eacaebe843555c3938b30e9a259873e38c45178"}
,"/Users/andelarwanda/my-Brand/learn-express/server.js": {"path":"/Users/andelarwanda/my-Brand/learn-express/server.js","statementMap":{"0":{"start":{"line":3,"column":28},"end":{"line":8,"column":1}},"1":{"start":{"line":4,"column":16},"end":{"line":4,"column":25}},"2":{"start":{"line":5,"column":4},"end":{"line":5,"column":27}},"3":{"start":{"line":6,"column":4},"end":{"line":6,"column":29}},"4":{"start":{"line":7,"column":4},"end":{"line":7,"column":14}}},"fnMap":{"0":{"name":"(anonymous_0)","decl":{"start":{"line":3,"column":28},"end":{"line":3,"column":29}},"loc":{"start":{"line":3,"column":33},"end":{"line":8,"column":1}},"line":3}},"branchMap":{},"s":{"0":1,"1":1,"2":1,"3":1,"4":1},"f":{"0":1},"b":{},"_coverageSchema":"1a1c01bbd47fc00a2c39e90264f33305004495a9","hash":"c6cd7ae24b55a9194102f5dbb18fb690bd2907f4"}
,"/Users/andelarwanda/my-Brand/learn-express/controllers/authController.js": {"path":"/Users/andelarwanda/my-Brand/learn-express/controllers/authController.js","statementMap":{"0":{"start":{"line":6,"column":0},"end":{"line":6,"column":15}},"1":{"start":{"line":8,"column":15},"end":{"line":25,"column":1}},"2":{"start":{"line":10,"column":16},"end":{"line":10,"column":64}},"3":{"start":{"line":11,"column":4},"end":{"line":24,"column":5}},"4":{"start":{"line":12,"column":8},"end":{"line":12,"column":64}},"5":{"start":{"line":14,"column":25},"end":{"line":14,"column":38}},"6":{"start":{"line":15,"column":8},"end":{"line":22,"column":10}},"7":{"start":{"line":16,"column":12},"end":{"line":21,"column":13}},"8":{"start":{"line":17,"column":16},"end":{"line":17,"column":54}},"9":{"start":{"line":19,"column":29},"end":{"line":19,"column":46}},"10":{"start":{"line":20,"column":15},"end":{"line":20,"column":49}},"11":{"start":{"line":26,"column":14},"end":{"line":48,"column":1}},"12":{"start":{"line":27,"column":4},"end":{"line":46,"column":5}},"13":{"start":{"line":29,"column":26},"end":{"line":29,"column":75}},"14":{"start":{"line":31,"column":8},"end":{"line":31,"column":73}},"15":{"start":{"line":31,"column":23},"end":{"line":31,"column":73}},"16":{"start":{"line":32,"column":21},"end":{"line":32,"column":43}},"17":{"start":{"line":33,"column":31},"end":{"line":33,"column":73}},"18":{"start":{"line":34,"column":20},"end":{"line":38,"column":10}},"19":{"start":{"line":40,"column":8},"end":{"line":40,"column":25}},"20":{"start":{"line":41,"column":8},"end":{"line":41,"column":70}},"21":{"start":{"line":44,"column":8},"end":{"line":44,"column":27}},"22":{"start":{"line":45,"column":8},"end":{"line":45,"column":23}}},"fnMap":{"0":{"name":"(anonymous_0)","decl":{"start":{"line":8,"column":15},"end":{"line":8,"column":16}},"loc":{"start":{"line":8,"column":33},"end":{"line":25,"column":1}},"line":8},"1":{"name":"(anonymous_1)","decl":{"start":{"line":15,"column":58},"end":{"line":15,"column":59}},"loc":{"start":{"line":15,"column":74},"end":{"line":22,"column":9}},"line":15},"2":{"name":"(anonymous_2)","decl":{"start":{"line":26,"column":14},"end":{"line":26,"column":15}},"loc":{"start":{"line":26,"column":32},"end":{"line":48,"column":1}},"line":26}},"branchMap":{"0":{"loc":{"start":{"line":11,"column":4},"end":{"line":24,"column":5}},"type":"if","locations":[{"start":{"line":11,"column":4},"end":{"line":24,"column":5}},{"start":{"line":13,"column":9},"end":{"line":24,"column":5}}],"line":11},"1":{"loc":{"start":{"line":16,"column":12},"end":{"line":21,"column":13}},"type":"if","locations":[{"start":{"line":16,"column":12},"end":{"line":21,"column":13}},{"start":{"line":18,"column":17},"end":{"line":21,"column":13}}],"line":16},"2":{"loc":{"start":{"line":31,"column":8},"end":{"line":31,"column":73}},"type":"if","locations":[{"start":{"line":31,"column":8},"end":{"line":31,"column":73}},{"start":{},"end":{}}],"line":31}},"s":{"0":1,"1":1,"2":1,"3":1,"4":0,"5":1,"6":1,"7":1,"8":0,"9":1,"10":1,"11":1,"12":1,"13":1,"14":1,"15":1,"16":0,"17":0,"18":0,"19":0,"20":0,"21":0,"22":0},"f":{"0":1,"1":1,"2":1},"b":{"0":[0,1],"1":[0,1],"2":[1,0]},"_coverageSchema":"1a1c01bbd47fc00a2c39e90264f33305004495a9","hash":"ff9e7bccb2151b9a328787f3904b8cd640c684aa"}
,"/Users/andelarwanda/my-Brand/learn-express/controllers/blogCommentController.js": {"path":"/Users/andelarwanda/my-Brand/learn-express/controllers/blogCommentController.js","statementMap":{"0":{"start":{"line":4,"column":22},"end":{"line":35,"column":1}},"1":{"start":{"line":5,"column":19},"end":{"line":5,"column":32}},"2":{"start":{"line":6,"column":4},"end":{"line":34,"column":6}},"3":{"start":{"line":7,"column":8},"end":{"line":29,"column":9}},"4":{"start":{"line":8,"column":12},"end":{"line":10,"column":21}},"5":{"start":{"line":12,"column":28},"end":{"line":16,"column":14}},"6":{"start":{"line":17,"column":9},"end":{"line":23,"column":17}},"7":{"start":{"line":24,"column":12},"end":{"line":24,"column":32}},"8":{"start":{"line":25,"column":12},"end":{"line":28,"column":14}},"9":{"start":{"line":31,"column":8},"end":{"line":33,"column":10}},"10":{"start":{"line":36,"column":19},"end":{"line":39,"column":1}},"11":{"start":{"line":37,"column":20},"end":{"line":37,"column":40}},"12":{"start":{"line":38,"column":4},"end":{"line":38,"column":21}}},"fnMap":{"0":{"name":"(anonymous_0)","decl":{"start":{"line":4,"column":22},"end":{"line":4,"column":23}},"loc":{"start":{"line":4,"column":40},"end":{"line":35,"column":1}},"line":4},"1":{"name":"(anonymous_1)","decl":{"start":{"line":6,"column":41},"end":{"line":6,"column":42}},"loc":{"start":{"line":6,"column":56},"end":{"line":30,"column":5}},"line":6},"2":{"name":"(anonymous_2)","decl":{"start":{"line":30,"column":13},"end":{"line":30,"column":14}},"loc":{"start":{"line":30,"column":23},"end":{"line":34,"column":5}},"line":30},"3":{"name":"(anonymous_3)","decl":{"start":{"line":36,"column":19},"end":{"line":36,"column":20}},"loc":{"start":{"line":36,"column":37},"end":{"line":39,"column":1}},"line":36}},"branchMap":{"0":{"loc":{"start":{"line":7,"column":8},"end":{"line":29,"column":9}},"type":"if","locations":[{"start":{"line":7,"column":8},"end":{"line":29,"column":9}},{"start":{"line":11,"column":13},"end":{"line":29,"column":9}}],"line":7}},"s":{"0":1,"1":0,"2":0,"3":0,"4":0,"5":0,"6":0,"7":0,"8":0,"9":0,"10":1,"11":0,"12":0},"f":{"0":0,"1":0,"2":0,"3":0},"b":{"0":[0,0]},"_coverageSchema":"1a1c01bbd47fc00a2c39e90264f33305004495a9","hash":"3ce27885baf5d2cdc29a61c28951441ebe50d0da"}
,"/Users/andelarwanda/my-Brand/learn-express/controllers/blogController.js": {"path":"/Users/andelarwanda/my-Brand/learn-express/controllers/blogController.js","statementMap":{"0":{"start":{"line":9,"column":19},"end":{"line":24,"column":1}},"1":{"start":{"line":10,"column":4},"end":{"line":23,"column":5}},"2":{"start":{"line":11,"column":23},"end":{"line":11,"column":70}},"3":{"start":{"line":13,"column":21},"end":{"line":18,"column":10}},"4":{"start":{"line":19,"column":8},"end":{"line":19,"column":25}},"5":{"start":{"line":20,"column":8},"end":{"line":20,"column":22}},"6":{"start":{"line":22,"column":8},"end":{"line":22,"column":25}},"7":{"start":{"line":27,"column":16},"end":{"line":30,"column":1}},"8":{"start":{"line":28,"column":18},"end":{"line":28,"column":42}},"9":{"start":{"line":29,"column":4},"end":{"line":29,"column":38}},"10":{"start":{"line":33,"column":19},"end":{"line":48,"column":2}},"11":{"start":{"line":34,"column":4},"end":{"line":47,"column":5}},"12":{"start":{"line":35,"column":21},"end":{"line":35,"column":66}},"13":{"start":{"line":36,"column":8},"end":{"line":38,"column":9}},"14":{"start":{"line":37,"column":12},"end":{"line":37,"column":39}},"15":{"start":{"line":39,"column":8},"end":{"line":41,"column":9}},"16":{"start":{"line":40,"column":12},"end":{"line":40,"column":43}},"17":{"start":{"line":42,"column":8},"end":{"line":42,"column":25}},"18":{"start":{"line":43,"column":7},"end":{"line":43,"column":40}},"19":{"start":{"line":45,"column":8},"end":{"line":45,"column":23}},"20":{"start":{"line":46,"column":8},"end":{"line":46,"column":47}},"21":{"start":{"line":51,"column":23},"end":{"line":62,"column":9}},"22":{"start":{"line":52,"column":4},"end":{"line":61,"column":9}},"23":{"start":{"line":53,"column":21},"end":{"line":53,"column":68}},"24":{"start":{"line":54,"column":8},"end":{"line":58,"column":9}},"25":{"start":{"line":55,"column":8},"end":{"line":55,"column":57}},"26":{"start":{"line":57,"column":8},"end":{"line":57,"column":35}},"27":{"start":{"line":60,"column":8},"end":{"line":60,"column":64}},"28":{"start":{"line":66,"column":19},"end":{"line":74,"column":1}},"29":{"start":{"line":68,"column":17},"end":{"line":68,"column":61}},"30":{"start":{"line":69,"column":4},"end":{"line":72,"column":5}},"31":{"start":{"line":70,"column":24},"end":{"line":70,"column":71}},"32":{"start":{"line":71,"column":8},"end":{"line":71,"column":36}},"33":{"start":{"line":73,"column":8},"end":{"line":73,"column":60}}},"fnMap":{"0":{"name":"(anonymous_0)","decl":{"start":{"line":9,"column":19},"end":{"line":9,"column":20}},"loc":{"start":{"line":9,"column":36},"end":{"line":24,"column":1}},"line":9},"1":{"name":"(anonymous_1)","decl":{"start":{"line":27,"column":16},"end":{"line":27,"column":17}},"loc":{"start":{"line":27,"column":32},"end":{"line":30,"column":1}},"line":27},"2":{"name":"(anonymous_2)","decl":{"start":{"line":33,"column":19},"end":{"line":33,"column":20}},"loc":{"start":{"line":33,"column":36},"end":{"line":48,"column":2}},"line":33},"3":{"name":"(anonymous_3)","decl":{"start":{"line":51,"column":23},"end":{"line":51,"column":24}},"loc":{"start":{"line":51,"column":40},"end":{"line":62,"column":9}},"line":51},"4":{"name":"(anonymous_4)","decl":{"start":{"line":66,"column":19},"end":{"line":66,"column":20}},"loc":{"start":{"line":66,"column":36},"end":{"line":74,"column":1}},"line":66}},"branchMap":{"0":{"loc":{"start":{"line":36,"column":8},"end":{"line":38,"column":9}},"type":"if","locations":[{"start":{"line":36,"column":8},"end":{"line":38,"column":9}},{"start":{},"end":{}}],"line":36},"1":{"loc":{"start":{"line":39,"column":8},"end":{"line":41,"column":9}},"type":"if","locations":[{"start":{"line":39,"column":8},"end":{"line":41,"column":9}},{"start":{},"end":{}}],"line":39},"2":{"loc":{"start":{"line":54,"column":8},"end":{"line":58,"column":9}},"type":"if","locations":[{"start":{"line":54,"column":8},"end":{"line":58,"column":9}},{"start":{"line":56,"column":15},"end":{"line":58,"column":9}}],"line":54},"3":{"loc":{"start":{"line":69,"column":4},"end":{"line":72,"column":5}},"type":"if","locations":[{"start":{"line":69,"column":4},"end":{"line":72,"column":5}},{"start":{},"end":{}}],"line":69}},"s":{"0":1,"1":0,"2":0,"3":0,"4":0,"5":0,"6":0,"7":1,"8":1,"9":1,"10":1,"11":0,"12":0,"13":0,"14":0,"15":0,"16":0,"17":0,"18":0,"19":0,"20":0,"21":1,"22":1,"23":1,"24":0,"25":0,"26":0,"27":1,"28":1,"29":0,"30":0,"31":0,"32":0,"33":0},"f":{"0":0,"1":1,"2":0,"3":1,"4":0},"b":{"0":[0,0],"1":[0,0],"2":[0,0],"3":[0,0]},"_coverageSchema":"1a1c01bbd47fc00a2c39e90264f33305004495a9","hash":"5272d022cdceb4e4543d0fb39f3894be355dabdf"}
,"/Users/andelarwanda/my-Brand/learn-express/controllers/blogLikeController.js": {"path":"/Users/andelarwanda/my-Brand/learn-express/controllers/blogLikeController.js","statementMap":{"0":{"start":{"line":5,"column":16},"end":{"line":26,"column":1}},"1":{"start":{"line":6,"column":19},"end":{"line":6,"column":32}},"2":{"start":{"line":7,"column":3},"end":{"line":25,"column":6}},"3":{"start":{"line":8,"column":8},"end":{"line":22,"column":9}},"4":{"start":{"line":9,"column":11},"end":{"line":9,"column":69}},"5":{"start":{"line":11,"column":25},"end":{"line":13,"column":14}},"6":{"start":{"line":14,"column":12},"end":{"line":18,"column":18}},"7":{"start":{"line":19,"column":16},"end":{"line":19,"column":33}},"8":{"start":{"line":20,"column":16},"end":{"line":20,"column":67}},"9":{"start":{"line":24,"column":8},"end":{"line":24,"column":56}}},"fnMap":{"0":{"name":"(anonymous_0)","decl":{"start":{"line":5,"column":16},"end":{"line":5,"column":17}},"loc":{"start":{"line":5,"column":34},"end":{"line":26,"column":1}},"line":5},"1":{"name":"(anonymous_1)","decl":{"start":{"line":7,"column":46},"end":{"line":7,"column":47}},"loc":{"start":{"line":7,"column":60},"end":{"line":23,"column":5}},"line":7},"2":{"name":"(anonymous_2)","decl":{"start":{"line":23,"column":13},"end":{"line":23,"column":14}},"loc":{"start":{"line":23,"column":21},"end":{"line":25,"column":5}},"line":23}},"branchMap":{"0":{"loc":{"start":{"line":8,"column":8},"end":{"line":22,"column":9}},"type":"if","locations":[{"start":{"line":8,"column":8},"end":{"line":22,"column":9}},{"start":{"line":10,"column":13},"end":{"line":22,"column":9}}],"line":8}},"s":{"0":1,"1":0,"2":0,"3":0,"4":0,"5":0,"6":0,"7":0,"8":0,"9":0},"f":{"0":0,"1":0,"2":0},"b":{"0":[0,0]},"_coverageSchema":"1a1c01bbd47fc00a2c39e90264f33305004495a9","hash":"2d9cc5afead9438ab67d2740a1a613d2b098d5f3"}
,"/Users/andelarwanda/my-Brand/learn-express/middleware/auth.js": {"path":"/Users/andelarwanda/my-Brand/learn-express/middleware/auth.js","statementMap":{"0":{"start":{"line":4,"column":22},"end":{"line":30,"column":1}},"1":{"start":{"line":5,"column":23},"end":{"line":5,"column":48}},"2":{"start":{"line":6,"column":17},"end":{"line":6,"column":55}},"3":{"start":{"line":8,"column":2},"end":{"line":10,"column":3}},"4":{"start":{"line":9,"column":3},"end":{"line":9,"column":47}},"5":{"start":{"line":11,"column":17},"end":{"line":13,"column":3}},"6":{"start":{"line":14,"column":2},"end":{"line":29,"column":3}},"7":{"start":{"line":21,"column":4},"end":{"line":21,"column":40}},"8":{"start":{"line":25,"column":5},"end":{"line":25,"column":27}},"9":{"start":{"line":26,"column":5},"end":{"line":26,"column":12}},"10":{"start":{"line":28,"column":4},"end":{"line":28,"column":55}}},"fnMap":{"0":{"name":"(anonymous_0)","decl":{"start":{"line":4,"column":22},"end":{"line":4,"column":23}},"loc":{"start":{"line":4,"column":45},"end":{"line":30,"column":1}},"line":4}},"branchMap":{"0":{"loc":{"start":{"line":6,"column":17},"end":{"line":6,"column":55}},"type":"binary-expr","locations":[{"start":{"line":6,"column":17},"end":{"line":6,"column":27}},{"start":{"line":6,"column":31},"end":{"line":6,"column":55}}],"line":6},"1":{"loc":{"start":{"line":8,"column":2},"end":{"line":10,"column":3}},"type":"if","locations":[{"start":{"line":8,"column":2},"end":{"line":10,"column":3}},{"start":{},"end":{}}],"line":8}},"s":{"0":1,"1":2,"2":2,"3":2,"4":2,"5":0,"6":0,"7":0,"8":0,"9":0,"10":0},"f":{"0":2},"b":{"0":[2,0],"1":[2,0]},"_coverageSchema":"1a1c01bbd47fc00a2c39e90264f33305004495a9","hash":"2328bb0bb1b766ef306d8755f95b7242d32a927f"}
,"/Users/andelarwanda/my-Brand/learn-express/middleware/createToken.js": {"path":"/Users/andelarwanda/my-Brand/learn-express/middleware/createToken.js","statementMap":{"0":{"start":{"line":3,"column":20},"end":{"line":12,"column":1}},"1":{"start":{"line":4,"column":4},"end":{"line":10,"column":5}},"2":{"start":{"line":5,"column":24},"end":{"line":5,"column":30}},"3":{"start":{"line":6,"column":20},"end":{"line":6,"column":47}},"4":{"start":{"line":7,"column":5},"end":{"line":7,"column":32}},"5":{"start":{"line":9,"column":8},"end":{"line":9,"column":27}}},"fnMap":{"0":{"name":"(anonymous_0)","decl":{"start":{"line":3,"column":20},"end":{"line":3,"column":21}},"loc":{"start":{"line":3,"column":29},"end":{"line":12,"column":1}},"line":3}},"branchMap":{},"s":{"0":1,"1":1,"2":1,"3":1,"4":1,"5":0},"f":{"0":1},"b":{},"_coverageSchema":"1a1c01bbd47fc00a2c39e90264f33305004495a9","hash":"62a8d04a17f765712900f9c4a02cba9bc4eb90f2"}
,"/Users/andelarwanda/my-Brand/learn-express/models/blogLike.js": {"path":"/Users/andelarwanda/my-Brand/learn-express/models/blogLike.js","statementMap":{"0":{"start":{"line":3,"column":19},"end":{"line":6,"column":2}},"1":{"start":{"line":8,"column":13},"end":{"line":8,"column":52}}},"fnMap":{},"branchMap":{},"s":{"0":1,"1":1},"f":{},"b":{},"_coverageSchema":"1a1c01bbd47fc00a2c39e90264f33305004495a9","hash":"9ce67b8cd649c431a380c1e1b7edea4bcc917527"}
,"/Users/andelarwanda/my-Brand/learn-express/models/comment.js": {"path":"/Users/andelarwanda/my-Brand/learn-express/models/comment.js","statementMap":{"0":{"start":{"line":3,"column":22},"end":{"line":8,"column":2}},"1":{"start":{"line":9,"column":17},"end":{"line":9,"column":57}}},"fnMap":{},"branchMap":{},"s":{"0":1,"1":1},"f":{},"b":{},"_coverageSchema":"1a1c01bbd47fc00a2c39e90264f33305004495a9","hash":"63fcbdcbf131d3da6f909459569077578cd612f8"}
,"/Users/andelarwanda/my-Brand/learn-express/models/post.js": {"path":"/Users/andelarwanda/my-Brand/learn-express/models/post.js","statementMap":{"0":{"start":{"line":3,"column":15},"end":{"line":11,"column":2}},"1":{"start":{"line":12,"column":19},"end":{"line":12,"column":50}}},"fnMap":{},"branchMap":{},"s":{"0":1,"1":1},"f":{},"b":{},"_coverageSchema":"1a1c01bbd47fc00a2c39e90264f33305004495a9","hash":"b4a4ff24e943e29c828b17e67948f3989dda9192"}
,"/Users/andelarwanda/my-Brand/learn-express/models/user.js": {"path":"/Users/andelarwanda/my-Brand/learn-express/models/user.js","statementMap":{"0":{"start":{"line":3,"column":19},"end":{"line":8,"column":2}},"1":{"start":{"line":10,"column":19},"end":{"line":10,"column":52}}},"fnMap":{},"branchMap":{},"s":{"0":1,"1":1},"f":{},"b":{},"_coverageSchema":"1a1c01bbd47fc00a2c39e90264f33305004495a9","hash":"2869dd211ce64cc0982dfc3ee4b7ad43fa9be024"}
,"/Users/andelarwanda/my-Brand/learn-express/routes/router.js": {"path":"/Users/andelarwanda/my-Brand/learn-express/routes/router.js","statementMap":{"0":{"start":{"line":16,"column":15},"end":{"line":16,"column":31}},"1":{"start":{"line":19,"column":0},"end":{"line":19,"column":30}},"2":{"start":{"line":22,"column":1},"end":{"line":22,"column":53}},"3":{"start":{"line":25,"column":0},"end":{"line":25,"column":39}},"4":{"start":{"line":27,"column":0},"end":{"line":27,"column":56}},"5":{"start":{"line":30,"column":0},"end":{"line":30,"column":53}},"6":{"start":{"line":31,"column":0},"end":{"line":33,"column":2}},"7":{"start":{"line":32,"column":4},"end":{"line":32,"column":22}},"8":{"start":{"line":34,"column":0},"end":{"line":36,"column":2}},"9":{"start":{"line":35,"column":4},"end":{"line":35,"column":18}},"10":{"start":{"line":38,"column":0},"end":{"line":38,"column":53}},"11":{"start":{"line":39,"column":0},"end":{"line":39,"column":81}},"12":{"start":{"line":40,"column":0},"end":{"line":40,"column":54}},"13":{"start":{"line":41,"column":0},"end":{"line":41,"column":41}}},"fnMap":{"0":{"name":"(anonymous_0)","decl":{"start":{"line":31,"column":36},"end":{"line":31,"column":37}},"loc":{"start":{"line":31,"column":48},"end":{"line":33,"column":1}},"line":31},"1":{"name":"(anonymous_1)","decl":{"start":{"line":34,"column":51},"end":{"line":34,"column":52}},"loc":{"start":{"line":34,"column":62},"end":{"line":36,"column":1}},"line":34}},"branchMap":{},"s":{"0":1,"1":1,"2":1,"3":1,"4":1,"5":1,"6":1,"7":0,"8":1,"9":0,"10":1,"11":1,"12":1,"13":1},"f":{"0":0,"1":0},"b":{},"_coverageSchema":"1a1c01bbd47fc00a2c39e90264f33305004495a9","hash":"ed0b26742f48405bcb0f06abb1c081849225f6fb"}
,"/Users/andelarwanda/my-Brand/learn-express/services/cloudinary.js": {"path":"/Users/andelarwanda/my-Brand/learn-express/services/cloudinary.js","statementMap":{"0":{"start":{"line":2,"column":0},"end":{"line":7,"column":2}}},"fnMap":{},"branchMap":{},"s":{"0":1},"f":{},"b":{},"_coverageSchema":"1a1c01bbd47fc00a2c39e90264f33305004495a9","hash":"6098336132962544235c30f3829b43db837af39a"}
,"/Users/andelarwanda/my-Brand/learn-express/services/multer.js": {"path":"/Users/andelarwanda/my-Brand/learn-express/services/multer.js","statementMap":{"0":{"start":{"line":4,"column":14},"end":{"line":14,"column":2}},"1":{"start":{"line":7,"column":17},"end":{"line":7,"column":48}},"2":{"start":{"line":8,"column":8},"end":{"line":11,"column":9}},"3":{"start":{"line":9,"column":12},"end":{"line":9,"column":60}},"4":{"start":{"line":10,"column":12},"end":{"line":10,"column":18}},"5":{"start":{"line":12,"column":8},"end":{"line":12,"column":21}}},"fnMap":{"0":{"name":"(anonymous_0)","decl":{"start":{"line":6,"column":15},"end":{"line":6,"column":16}},"loc":{"start":{"line":6,"column":30},"end":{"line":13,"column":5}},"line":6}},"branchMap":{"0":{"loc":{"start":{"line":8,"column":8},"end":{"line":11,"column":9}},"type":"if","locations":[{"start":{"line":8,"column":8},"end":{"line":11,"column":9}},{"start":{},"end":{}}],"line":8},"1":{"loc":{"start":{"line":8,"column":12},"end":{"line":8,"column":65}},"type":"binary-expr","locations":[{"start":{"line":8,"column":12},"end":{"line":8,"column":26}},{"start":{"line":8,"column":30},"end":{"line":8,"column":45}},{"start":{"line":8,"column":49},"end":{"line":8,"column":65}}],"line":8}},"s":{"0":1,"1":0,"2":0,"3":0,"4":0,"5":0},"f":{"0":0},"b":{"0":[0,0],"1":[0,0,0]},"_coverageSchema":"1a1c01bbd47fc00a2c39e90264f33305004495a9","hash":"37c3e1780d91882113b44100ac81a277c037beb1"}
,"/Users/andelarwanda/my-Brand/learn-express/validators/validate.js": {"path":"/Users/andelarwanda/my-Brand/learn-express/validators/validate.js","statementMap":{"0":{"start":{"line":2,"column":17},"end":{"line":9,"column":1}},"1":{"start":{"line":2,"column":29},"end":{"line":9,"column":1}},"2":{"start":{"line":3,"column":19},"end":{"line":3,"column":44}},"3":{"start":{"line":4,"column":3},"end":{"line":8,"column":4}},"4":{"start":{"line":5,"column":4},"end":{"line":5,"column":39}},"5":{"start":{"line":7,"column":4},"end":{"line":7,"column":10}}},"fnMap":{"0":{"name":"(anonymous_0)","decl":{"start":{"line":2,"column":17},"end":{"line":2,"column":18}},"loc":{"start":{"line":2,"column":29},"end":{"line":9,"column":1}},"line":2},"1":{"name":"(anonymous_1)","decl":{"start":{"line":2,"column":29},"end":{"line":2,"column":30}},"loc":{"start":{"line":2,"column":46},"end":{"line":9,"column":1}},"line":2}},"branchMap":{"0":{"loc":{"start":{"line":4,"column":3},"end":{"line":8,"column":4}},"type":"if","locations":[{"start":{"line":4,"column":3},"end":{"line":8,"column":4}},{"start":{"line":6,"column":8},"end":{"line":8,"column":4}}],"line":4}},"s":{"0":1,"1":3,"2":3,"3":3,"4":1,"5":2},"f":{"0":3,"1":3},"b":{"0":[1,2]},"_coverageSchema":"1a1c01bbd47fc00a2c39e90264f33305004495a9","hash":"67787405818017699fe68d6527b19823ccf3107a"}
,"/Users/andelarwanda/my-Brand/learn-express/validators/validateSignUp.js": {"path":"/Users/andelarwanda/my-Brand/learn-express/validators/validateSignUp.js","statementMap":{"0":{"start":{"line":6,"column":28},"end":{"line":10,"column":2}},"1":{"start":{"line":11,"column":27},"end":{"line":15,"column":2}},"2":{"start":{"line":16,"column":29},"end":{"line":20,"column":2}}},"fnMap":{},"branchMap":{},"s":{"0":1,"1":1,"2":1},"f":{},"b":{},"_coverageSchema":"1a1c01bbd47fc00a2c39e90264f33305004495a9","hash":"4c4c911d796250e74c3bb030954c6c2c00853a22"}
}
