TN:
SF:learn-express/index.js
FNF:0
FNH:0
DA:11,1
DA:12,1
DA:16,1
LF:3
LH:3
BRF:0
BRH:0
end_of_record
TN:
SF:learn-express/server.js
FN:3,(anonymous_0)
FNF:1
FNH:1
FNDA:1,(anonymous_0)
DA:3,1
DA:4,1
DA:5,1
DA:6,1
DA:7,1
LF:5
LH:5
BRF:0
BRH:0
end_of_record
TN:
SF:learn-express/controllers/authController.js
FN:8,(anonymous_0)
FN:15,(anonymous_1)
FN:26,(anonymous_2)
FNF:3
FNH:3
FNDA:1,(anonymous_0)
FNDA:1,(anonymous_1)
FNDA:1,(anonymous_2)
DA:6,1
DA:8,1
DA:10,1
DA:11,1
DA:12,0
DA:14,1
DA:15,1
DA:16,1
DA:17,0
DA:19,1
DA:20,1
DA:26,1
DA:27,1
DA:29,1
DA:31,0
DA:32,0
DA:33,0
DA:34,0
DA:40,0
DA:41,0
LF:20
LH:12
BRDA:11,0,0,0
BRDA:11,0,1,1
BRDA:16,1,0,0
BRDA:16,1,1,1
BRDA:31,2,0,0
BRDA:31,2,1,0
BRF:6
BRH:2
end_of_record
TN:
SF:learn-express/controllers/blogCommentController.js
FN:4,(anonymous_0)
FN:6,(anonymous_1)
FN:30,(anonymous_2)
FN:36,(anonymous_3)
FNF:4
FNH:0
FNDA:0,(anonymous_0)
FNDA:0,(anonymous_1)
FNDA:0,(anonymous_2)
FNDA:0,(anonymous_3)
DA:4,1
DA:5,0
DA:6,0
DA:7,0
DA:8,0
DA:12,0
DA:17,0
DA:24,0
DA:25,0
DA:31,0
DA:36,1
DA:37,0
DA:38,0
LF:13
LH:2
BRDA:7,0,0,0
BRDA:7,0,1,0
BRF:2
BRH:0
end_of_record
TN:
SF:learn-express/controllers/blogController.js
FN:9,(anonymous_0)
FN:26,(anonymous_1)
FN:32,(anonymous_2)
FN:50,(anonymous_3)
FN:65,(anonymous_4)
FNF:5
FNH:5
FNDA:1,(anonymous_0)
FNDA:1,(anonymous_1)
FNDA:1,(anonymous_2)
FNDA:1,(anonymous_3)
FNDA:1,(anonymous_4)
DA:9,1
DA:10,1
DA:13,1
DA:18,1
DA:19,1
DA:21,0
DA:26,1
DA:27,1
DA:28,1
DA:32,1
DA:33,1
DA:34,1
DA:35,1
DA:36,1
DA:38,1
DA:39,1
DA:41,1
DA:42,1
DA:44,0
DA:45,0
DA:50,1
DA:51,1
DA:52,1
DA:53,1
DA:54,0
DA:56,1
DA:59,0
DA:65,1
DA:67,1
DA:68,1
DA:69,0
DA:70,0
DA:72,1
LF:33
LH:26
BRDA:35,0,0,1
BRDA:35,0,1,0
BRDA:38,1,0,1
BRDA:38,1,1,0
BRDA:53,2,0,0
BRDA:53,2,1,1
BRDA:68,3,0,0
BRDA:68,3,1,1
BRF:8
BRH:4
end_of_record
TN:
SF:learn-express/controllers/blogLikeController.js
FN:5,(anonymous_0)
FN:7,(anonymous_1)
FN:23,(anonymous_2)
FNF:3
FNH:3
FNDA:2,(anonymous_0)
FNDA:1,(anonymous_1)
FNDA:1,(anonymous_2)
DA:5,1
DA:6,2
DA:7,2
DA:8,1
DA:9,0
DA:11,1
DA:14,1
DA:19,1
DA:20,1
DA:24,1
LF:10
LH:9
BRDA:8,0,0,0
BRDA:8,0,1,1
BRF:2
BRH:1
end_of_record
TN:
SF:learn-express/middleware/auth.js
FN:4,(anonymous_0)
FNF:1
FNH:1
FNDA:7,(anonymous_0)
DA:4,1
DA:5,7
DA:6,7
DA:8,7
DA:9,0
DA:11,7
DA:14,7
DA:21,7
DA:25,6
DA:26,6
DA:28,1
LF:11
LH:10
BRDA:6,0,0,7
BRDA:6,0,1,7
BRDA:8,1,0,0
BRDA:8,1,1,7
BRF:4
BRH:3
end_of_record
TN:
SF:learn-express/middleware/createToken.js
FN:3,(anonymous_0)
FNF:1
FNH:1
FNDA:1,(anonymous_0)
DA:3,1
DA:4,1
DA:5,1
DA:6,1
DA:7,1
DA:9,0
LF:6
LH:5
BRF:0
BRH:0
end_of_record
TN:
SF:learn-express/models/blogLike.js
FNF:0
FNH:0
DA:3,1
DA:8,1
LF:2
LH:2
BRF:0
BRH:0
end_of_record
TN:
SF:learn-express/models/comment.js
FNF:0
FNH:0
DA:3,1
DA:9,1
LF:2
LH:2
BRF:0
BRH:0
end_of_record
TN:
SF:learn-express/models/post.js
FNF:0
FNH:0
DA:3,1
DA:12,1
LF:2
LH:2
BRF:0
BRH:0
end_of_record
TN:
SF:learn-express/models/user.js
FNF:0
FNH:0
DA:3,1
DA:10,1
LF:2
LH:2
BRF:0
BRH:0
end_of_record
TN:
SF:learn-express/routes/router.js
FN:31,(anonymous_0)
FN:34,(anonymous_1)
FNF:2
FNH:1
FNDA:1,(anonymous_0)
FNDA:0,(anonymous_1)
DA:16,1
DA:19,1
DA:22,1
DA:25,1
DA:27,1
DA:30,1
DA:31,1
DA:32,1
DA:34,1
DA:35,0
DA:38,1
DA:39,1
DA:40,1
DA:41,1
LF:14
LH:13
BRF:0
BRH:0
end_of_record
TN:
SF:learn-express/services/cloudinary.js
FNF:0
FNH:0
DA:2,1
LF:1
LH:1
BRF:0
BRH:0
end_of_record
TN:
SF:learn-express/services/multer.js
FN:6,(anonymous_0)
FNF:1
FNH:0
FNDA:0,(anonymous_0)
DA:4,1
DA:7,0
DA:8,0
DA:9,0
DA:10,0
DA:12,0
LF:6
LH:1
BRDA:8,0,0,0
BRDA:8,0,1,0
BRDA:8,1,0,0
BRDA:8,1,1,0
BRDA:8,1,2,0
BRF:5
BRH:0
end_of_record
TN:
SF:learn-express/validators/validate.js
FN:2,(anonymous_0)
FN:2,(anonymous_1)
FNF:2
FNH:2
FNDA:3,(anonymous_0)
FNDA:1,(anonymous_1)
DA:2,3
DA:3,1
DA:4,1
DA:5,0
DA:7,1
LF:5
LH:4
BRDA:4,0,0,0
BRDA:4,0,1,1
BRF:2
BRH:1
end_of_record
TN:
SF:learn-express/validators/validateSignUp.js
FNF:0
FNH:0
DA:6,1
DA:11,1
DA:16,1
LF:3
LH:3
BRF:0
BRH:0
end_of_record
